<?xml version="1.0" encoding="UTF-8"?>
<!-- Generated by org.testng.reporters.JUnitReportReporter -->
<testsuite hostname="ILPT345" name="tests.NewTest" tests="1" failures="0" timestamp="13 Jul 2018 06:26:47 GMT" time="8.129" errors="0">
  <testcase name="openMyBlog" time="8.129" classname="tests.NewTest"/>
</testsuite> <!-- tests.NewTest -->
